-------------------------------------------------------------------------------
Test set: com.example.bookmovie.BookmovieApplicationTests
-------------------------------------------------------------------------------
Tests run: 1, Failures: 0, Errors: 1, Skipped: 0, Time elapsed: 4.343 s <<< FAILURE! - in com.example.bookmovie.BookmovieApplicationTests
contextLoads  Time elapsed: 0.002 s  <<< ERROR!
java.lang.IllegalStateException: Failed to load ApplicationContext
Caused by: org.springframework.beans.factory.UnsatisfiedDependencyException: Error creating bean with name 'userController' defined in file [D:\OOADJ-Projecrt\bookmovie\target\classes\com\example\bookmovie\controllers\UserController.class]: Unsatisfied dependency expressed through constructor parameter 0; nested exception is org.springframework.beans.factory.UnsatisfiedDependencyException: Error creating bean with name 'userServiceImpl' defined in file [D:\OOADJ-Projecrt\bookmovie\target\classes\com\example\bookmovie\service\UserServiceImpl.class]: Unsatisfied dependency expressed through constructor parameter 0; nested exception is org.springframework.beans.factory.BeanCreationException: Error creating bean with name 'userRepository' defined in com.example.bookmovie.repositories.UserRepository defined in @EnableJpaRepositories declared on JpaRepositoriesRegistrar.EnableJpaRepositoriesConfiguration: Invocation of init method failed; nested exception is org.springframework.data.repository.query.QueryCreationException: Could not create query for public abstract com.example.bookmovie.models.User com.example.bookmovie.repositories.UserRepository.findByEmail(java.lang.String)! Reason: Validation failed for query for method public abstract com.example.bookmovie.models.User com.example.bookmovie.repositories.UserRepository.findByEmail(java.lang.String)!; nested exception is java.lang.IllegalArgumentException: Validation failed for query for method public abstract com.example.bookmovie.models.User com.example.bookmovie.repositories.UserRepository.findByEmail(java.lang.String)!
Caused by: org.springframework.beans.factory.UnsatisfiedDependencyException: Error creating bean with name 'userServiceImpl' defined in file [D:\OOADJ-Projecrt\bookmovie\target\classes\com\example\bookmovie\service\UserServiceImpl.class]: Unsatisfied dependency expressed through constructor parameter 0; nested exception is org.springframework.beans.factory.BeanCreationException: Error creating bean with name 'userRepository' defined in com.example.bookmovie.repositories.UserRepository defined in @EnableJpaRepositories declared on JpaRepositoriesRegistrar.EnableJpaRepositoriesConfiguration: Invocation of init method failed; nested exception is org.springframework.data.repository.query.QueryCreationException: Could not create query for public abstract com.example.bookmovie.models.User com.example.bookmovie.repositories.UserRepository.findByEmail(java.lang.String)! Reason: Validation failed for query for method public abstract com.example.bookmovie.models.User com.example.bookmovie.repositories.UserRepository.findByEmail(java.lang.String)!; nested exception is java.lang.IllegalArgumentException: Validation failed for query for method public abstract com.example.bookmovie.models.User com.example.bookmovie.repositories.UserRepository.findByEmail(java.lang.String)!
Caused by: org.springframework.beans.factory.BeanCreationException: Error creating bean with name 'userRepository' defined in com.example.bookmovie.repositories.UserRepository defined in @EnableJpaRepositories declared on JpaRepositoriesRegistrar.EnableJpaRepositoriesConfiguration: Invocation of init method failed; nested exception is org.springframework.data.repository.query.QueryCreationException: Could not create query for public abstract com.example.bookmovie.models.User com.example.bookmovie.repositories.UserRepository.findByEmail(java.lang.String)! Reason: Validation failed for query for method public abstract com.example.bookmovie.models.User com.example.bookmovie.repositories.UserRepository.findByEmail(java.lang.String)!; nested exception is java.lang.IllegalArgumentException: Validation failed for query for method public abstract com.example.bookmovie.models.User com.example.bookmovie.repositories.UserRepository.findByEmail(java.lang.String)!
Caused by: org.springframework.data.repository.query.QueryCreationException: Could not create query for public abstract com.example.bookmovie.models.User com.example.bookmovie.repositories.UserRepository.findByEmail(java.lang.String)! Reason: Validation failed for query for method public abstract com.example.bookmovie.models.User com.example.bookmovie.repositories.UserRepository.findByEmail(java.lang.String)!; nested exception is java.lang.IllegalArgumentException: Validation failed for query for method public abstract com.example.bookmovie.models.User com.example.bookmovie.repositories.UserRepository.findByEmail(java.lang.String)!
Caused by: java.lang.IllegalArgumentException: Validation failed for query for method public abstract com.example.bookmovie.models.User com.example.bookmovie.repositories.UserRepository.findByEmail(java.lang.String)!
Caused by: java.lang.IllegalArgumentException: org.hibernate.hql.internal.ast.QuerySyntaxException: users is not mapped [FROM users WHERE users.email = ?2]
Caused by: org.hibernate.hql.internal.ast.QuerySyntaxException: users is not mapped [FROM users WHERE users.email = ?2]
Caused by: org.hibernate.hql.internal.ast.QuerySyntaxException: users is not mapped

